2025-06-25 14:04:45,205 [INFO] [MainThread] [root/log.py:59]: YASB v1.7.6
2025-06-25 14:04:45,206 [INFO] [Thread-1 (_run_server)] [cli_server/cli_server.py:212]: CLI server started v1.1.2
2025-06-25 14:04:45,206 [INFO] [MainThread] [cli_server/cli_server.py:104]: Log pipe server started
2025-06-25 14:04:45,248 [INFO] [MainThread] [root/config.py:64]: Created default config file at C:\Users\237\.config\yasb\config.yaml
2025-06-25 14:04:45,269 [INFO] [MainThread] [root/config.py:78]: Created default stylesheet at C:\Users\237\.config\yasb\styles.css
2025-06-25 14:04:49,666 [DEBUG] [MainThread] [tzlocal/win32.py:55]: Looking up time zone info from registry
2025-06-25 14:04:49,878 [ERROR] [MainThread] [root/weather.py:168]: API key or location is missing. Please provide a valid API key and location.
2025-06-25 14:04:49,882 [DEBUG] [MainThread] [comtypes/__init__.py:149]: CoInitializeEx(None, 2)
2025-06-25 14:04:51,734 [ERROR] [MainThread] [root/weather.py:168]: API key or location is missing. Please provide a valid API key and location.
2025-06-25 14:04:52,061 [INFO] [MainThread] [root/bar_manager.py:70]: Starting WindowsNotificationEventListener...
2025-06-25 14:04:52,062 [INFO] [MainThread] [root/bar_manager.py:70]: Starting KomorebiEventListener...
2025-06-25 14:04:52,062 [INFO] [MainThread] [root/bar_manager.py:70]: Starting SystemEventListener...
2025-06-25 14:04:52,063 [INFO] [MainThread] [root/watcher.py:54]: Created file watcher for path C:\Users\237\.config\yasb
2025-06-25 14:04:52,097 [INFO] [Dummy-5] [root/event_listener.py:51]: Created named pipe yasb-e42bc482-51ee-11f0-9cc7-94e23cf377ed
2025-06-25 14:04:52,129 [DEBUG] [MainThread] [qasync._windows._EventPoller/_windows.py:213]: Starting (proactor: <_IocpProactor overlapped#=0 result#=0>)...
2025-06-25 14:04:52,133 [DEBUG] [Dummy-8] [qasync._windows._EventWorker/_windows.py:192]: Thread started
2025-06-25 14:08:31,046 [INFO] [MainThread] [root/controller.py:14]: Reloading Application because of config change.
2025-06-25 14:08:31,161 [INFO] [MainThread] [cli_server/cli_server.py:112]: Log pipe server stopped
2025-06-25 14:08:31,161 [DEBUG] [MainThread] [cli_server/cli_server.py:206]: CLI server stopped
2025-06-25 14:08:31,231 [INFO] [MainThread] [root/bar_manager.py:61]: Successfully loaded updated config and re-initialised all bars.
2025-06-25 14:08:31,231 [DEBUG] [MainThread] [qasync._windows._EventPoller/_windows.py:218]: Stopping worker thread...
2025-06-25 14:08:31,240 [DEBUG] [Dummy-8] [qasync._windows._EventWorker/_windows.py:201]: Exiting thread
2025-06-25 14:08:31,241 [DEBUG] [MainThread] [qasync._windows._IocpProactor/_windows.py:75]: Closing
2025-06-25 14:08:31,545 [INFO] [MainThread] [root/log.py:59]: YASB v1.7.6
2025-06-25 14:08:31,546 [INFO] [Thread-1 (_run_server)] [cli_server/cli_server.py:212]: CLI server started v1.1.2
2025-06-25 14:08:31,546 [INFO] [MainThread] [cli_server/cli_server.py:104]: Log pipe server started
2025-06-25 14:08:36,241 [DEBUG] [MainThread] [tzlocal/win32.py:55]: Looking up time zone info from registry
2025-06-25 14:08:36,385 [ERROR] [MainThread] [root/weather.py:168]: API key or location is missing. Please provide a valid API key and location.
2025-06-25 14:08:36,389 [DEBUG] [MainThread] [comtypes/__init__.py:149]: CoInitializeEx(None, 2)
2025-06-25 14:08:37,411 [ERROR] [MainThread] [root/weather.py:168]: API key or location is missing. Please provide a valid API key and location.
2025-06-25 14:08:38,082 [INFO] [MainThread] [root/bar_manager.py:70]: Starting KomorebiEventListener...
2025-06-25 14:08:38,082 [INFO] [MainThread] [root/bar_manager.py:70]: Starting SystemEventListener...
2025-06-25 14:08:38,082 [INFO] [MainThread] [root/bar_manager.py:70]: Starting WindowsNotificationEventListener...
2025-06-25 14:08:38,084 [INFO] [MainThread] [root/watcher.py:54]: Created file watcher for path C:\Users\237\.config\yasb
2025-06-25 14:08:38,124 [INFO] [Dummy-5] [root/event_listener.py:51]: Created named pipe yasb-6ae3afe3-51ef-11f0-bbae-94e23cf377ed
2025-06-25 14:08:38,150 [DEBUG] [MainThread] [qasync._windows._EventPoller/_windows.py:213]: Starting (proactor: <_IocpProactor overlapped#=0 result#=0>)...
2025-06-25 14:08:38,155 [DEBUG] [Dummy-8] [qasync._windows._EventWorker/_windows.py:192]: Thread started
2025-06-25 14:59:53,367 [INFO] [MainThread] [root/controller.py:14]: Reloading Application because of config change.
2025-06-25 14:59:53,480 [INFO] [MainThread] [cli_server/cli_server.py:112]: Log pipe server stopped
2025-06-25 14:59:53,480 [DEBUG] [MainThread] [cli_server/cli_server.py:206]: CLI server stopped
2025-06-25 14:59:53,555 [INFO] [MainThread] [root/bar_manager.py:61]: Successfully loaded updated config and re-initialised all bars.
2025-06-25 14:59:53,555 [DEBUG] [MainThread] [qasync._windows._EventPoller/_windows.py:218]: Stopping worker thread...
2025-06-25 14:59:53,558 [DEBUG] [Dummy-8] [qasync._windows._EventWorker/_windows.py:201]: Exiting thread
2025-06-25 14:59:53,561 [DEBUG] [MainThread] [qasync._windows._IocpProactor/_windows.py:75]: Closing
2025-06-25 14:59:53,875 [INFO] [MainThread] [root/log.py:59]: YASB v1.7.6
2025-06-25 14:59:53,875 [INFO] [Thread-1 (_run_server)] [cli_server/cli_server.py:212]: CLI server started v1.1.2
2025-06-25 14:59:53,876 [INFO] [MainThread] [cli_server/cli_server.py:104]: Log pipe server started
2025-06-25 14:59:56,000 [ERROR] [MainThread] [root/weather.py:168]: API key or location is missing. Please provide a valid API key and location.
2025-06-25 14:59:56,005 [DEBUG] [MainThread] [comtypes/__init__.py:149]: CoInitializeEx(None, 2)
2025-06-25 14:59:57,151 [ERROR] [MainThread] [root/weather.py:168]: API key or location is missing. Please provide a valid API key and location.
2025-06-25 14:59:57,506 [INFO] [MainThread] [root/bar_manager.py:70]: Starting KomorebiEventListener...
2025-06-25 14:59:57,506 [INFO] [MainThread] [root/bar_manager.py:70]: Starting SystemEventListener...
2025-06-25 14:59:57,506 [INFO] [MainThread] [root/bar_manager.py:70]: Starting WindowsNotificationEventListener...
2025-06-25 14:59:57,507 [INFO] [MainThread] [root/watcher.py:54]: Created file watcher for path C:\Users\237\.config\yasb
2025-06-25 14:59:57,565 [INFO] [Dummy-5] [root/event_listener.py:51]: Created named pipe yasb-965e740b-51f6-11f0-ad12-94e23cf377ed
2025-06-25 14:59:57,603 [DEBUG] [MainThread] [qasync._windows._EventPoller/_windows.py:213]: Starting (proactor: <_IocpProactor overlapped#=0 result#=0>)...
2025-06-25 14:59:57,614 [DEBUG] [Dummy-8] [qasync._windows._EventWorker/_windows.py:192]: Thread started
2025-06-25 15:05:40,771 [INFO] [MainThread] [root/controller.py:14]: Reloading Application because of config change.
2025-06-25 15:05:40,886 [INFO] [MainThread] [cli_server/cli_server.py:112]: Log pipe server stopped
2025-06-25 15:05:40,886 [DEBUG] [MainThread] [cli_server/cli_server.py:206]: CLI server stopped
2025-06-25 15:05:40,959 [INFO] [MainThread] [root/bar_manager.py:61]: Successfully loaded updated config and re-initialised all bars.
2025-06-25 15:05:40,959 [DEBUG] [MainThread] [qasync._windows._EventPoller/_windows.py:218]: Stopping worker thread...
2025-06-25 15:05:40,965 [DEBUG] [Dummy-8] [qasync._windows._EventWorker/_windows.py:201]: Exiting thread
2025-06-25 15:05:40,966 [DEBUG] [MainThread] [qasync._windows._IocpProactor/_windows.py:75]: Closing
2025-06-25 15:05:41,291 [INFO] [MainThread] [root/log.py:59]: YASB v1.7.6
2025-06-25 15:05:41,292 [INFO] [Thread-1 (_run_server)] [cli_server/cli_server.py:212]: CLI server started v1.1.2
2025-06-25 15:05:41,292 [INFO] [MainThread] [cli_server/cli_server.py:104]: Log pipe server started
2025-06-25 15:05:43,912 [WARNING] [MainThread] [root/widget_builder.py:40]: No widget config could be found for widget 'glazewm_workspaces
2025-06-25 15:05:43,982 [ERROR] [MainThread] [root/weather.py:168]: API key or location is missing. Please provide a valid API key and location.
2025-06-25 15:05:43,988 [DEBUG] [MainThread] [comtypes/__init__.py:149]: CoInitializeEx(None, 2)
2025-06-25 15:05:44,834 [WARNING] [MainThread] [root/widget_builder.py:37]: Ignoring construction of invalid widget 'glazewm_workspaces'
2025-06-25 15:05:44,848 [ERROR] [MainThread] [root/weather.py:168]: API key or location is missing. Please provide a valid API key and location.
2025-06-25 15:05:45,419 [INFO] [MainThread] [root/bar_manager.py:70]: Starting WindowsNotificationEventListener...
2025-06-25 15:05:45,421 [INFO] [MainThread] [root/bar_manager.py:70]: Starting SystemEventListener...
2025-06-25 15:05:45,421 [ERROR] [MainThread] [root/widget_builder.py:79]: Failed to add undefined widget(s)  - The widget "glazewm_workspaces" is undefined.
2025-06-25 15:05:46,930 [INFO] [MainThread] [root/watcher.py:54]: Created file watcher for path C:\Users\237\.config\yasb
2025-06-25 15:05:46,967 [DEBUG] [MainThread] [qasync._windows._EventPoller/_windows.py:213]: Starting (proactor: <_IocpProactor overlapped#=0 result#=0>)...
2025-06-25 15:05:46,970 [DEBUG] [Dummy-5] [qasync._windows._EventWorker/_windows.py:192]: Thread started
2025-06-25 15:06:09,302 [INFO] [MainThread] [root/controller.py:14]: Reloading Application because of config change.
2025-06-25 15:06:09,409 [INFO] [MainThread] [cli_server/cli_server.py:112]: Log pipe server stopped
2025-06-25 15:06:09,409 [DEBUG] [MainThread] [cli_server/cli_server.py:206]: CLI server stopped
2025-06-25 15:06:09,480 [INFO] [MainThread] [root/bar_manager.py:61]: Successfully loaded updated config and re-initialised all bars.
2025-06-25 15:06:09,480 [DEBUG] [MainThread] [qasync._windows._EventPoller/_windows.py:218]: Stopping worker thread...
2025-06-25 15:06:09,489 [DEBUG] [Dummy-5] [qasync._windows._EventWorker/_windows.py:201]: Exiting thread
2025-06-25 15:06:09,490 [DEBUG] [MainThread] [qasync._windows._IocpProactor/_windows.py:75]: Closing
2025-06-25 15:06:09,778 [INFO] [MainThread] [root/log.py:59]: YASB v1.7.6
2025-06-25 15:06:09,778 [INFO] [Thread-1 (_run_server)] [cli_server/cli_server.py:212]: CLI server started v1.1.2
2025-06-25 15:06:09,779 [INFO] [MainThread] [cli_server/cli_server.py:104]: Log pipe server started
2025-06-25 15:06:11,802 [ERROR] [MainThread] [root/widget_builder.py:72]: Failed to import widget 'glazewm_workspaces'
Traceback (most recent call last):
  File "C:\a\yasb\yasb\src\core\utils\widget_builder.py", line 58, in _build_widget
  File "C:\a\yasb\yasb\venv\Lib\site-packages\cerberus\validator.py", line 1031, in validate
  File "C:\a\yasb\yasb\venv\Lib\site-packages\cerberus\validator.py", line 644, in __init_processing
cerberus.validator.DocumentError: document is missing
2025-06-25 15:06:11,859 [ERROR] [MainThread] [root/weather.py:168]: API key or location is missing. Please provide a valid API key and location.
2025-06-25 15:06:11,864 [DEBUG] [MainThread] [comtypes/__init__.py:149]: CoInitializeEx(None, 2)
2025-06-25 15:06:12,579 [ERROR] [MainThread] [root/widget_builder.py:72]: Failed to import widget 'glazewm_workspaces'
Traceback (most recent call last):
  File "C:\a\yasb\yasb\src\core\utils\widget_builder.py", line 58, in _build_widget
  File "C:\a\yasb\yasb\venv\Lib\site-packages\cerberus\validator.py", line 1031, in validate
  File "C:\a\yasb\yasb\venv\Lib\site-packages\cerberus\validator.py", line 644, in __init_processing
cerberus.validator.DocumentError: document is missing
2025-06-25 15:06:12,595 [ERROR] [MainThread] [root/weather.py:168]: API key or location is missing. Please provide a valid API key and location.
2025-06-25 15:06:13,129 [INFO] [MainThread] [root/bar_manager.py:70]: Starting WindowsNotificationEventListener...
2025-06-25 15:06:13,132 [INFO] [MainThread] [root/bar_manager.py:70]: Starting SystemEventListener...
2025-06-25 15:06:13,132 [INFO] [MainThread] [root/watcher.py:54]: Created file watcher for path C:\Users\237\.config\yasb
2025-06-25 15:06:13,237 [DEBUG] [MainThread] [qasync._windows._EventPoller/_windows.py:213]: Starting (proactor: <_IocpProactor overlapped#=0 result#=0>)...
2025-06-25 15:06:13,241 [DEBUG] [Dummy-5] [qasync._windows._EventWorker/_windows.py:192]: Thread started
2025-06-26 12:27:38,358 [INFO] [MainThread] [root/controller.py:29]: Exiting Application from tray...
2025-06-26 12:27:38,470 [INFO] [MainThread] [cli_server/cli_server.py:112]: Log pipe server stopped
2025-06-26 12:27:38,470 [DEBUG] [MainThread] [cli_server/cli_server.py:206]: CLI server stopped
2025-06-26 12:27:38,479 [DEBUG] [MainThread] [qasync._windows._EventPoller/_windows.py:218]: Stopping worker thread...
2025-06-26 12:27:38,486 [DEBUG] [Dummy-5] [qasync._windows._EventWorker/_windows.py:201]: Exiting thread
2025-06-26 12:27:38,490 [DEBUG] [MainThread] [qasync._windows._IocpProactor/_windows.py:75]: Closing
2025-06-26 19:56:47,688 [INFO] [MainThread] [root/log.py:59]: YASB v1.7.6
2025-06-26 19:56:47,688 [INFO] [Thread-1 (_run_server)] [cli_server/cli_server.py:212]: CLI server started v1.1.2
2025-06-26 19:56:47,689 [INFO] [MainThread] [cli_server/cli_server.py:104]: Log pipe server started
2025-06-26 19:56:50,047 [ERROR] [MainThread] [root/widget_builder.py:72]: Failed to import widget 'glazewm_workspaces'
Traceback (most recent call last):
  File "C:\a\yasb\yasb\src\core\utils\widget_builder.py", line 58, in _build_widget
  File "C:\a\yasb\yasb\venv\Lib\site-packages\cerberus\validator.py", line 1031, in validate
  File "C:\a\yasb\yasb\venv\Lib\site-packages\cerberus\validator.py", line 644, in __init_processing
cerberus.validator.DocumentError: document is missing
2025-06-26 19:56:50,157 [ERROR] [MainThread] [root/weather.py:168]: API key or location is missing. Please provide a valid API key and location.
2025-06-26 19:56:50,165 [DEBUG] [MainThread] [comtypes/__init__.py:149]: CoInitializeEx(None, 2)
2025-06-26 19:56:51,446 [ERROR] [MainThread] [root/widget_builder.py:72]: Failed to import widget 'glazewm_workspaces'
Traceback (most recent call last):
  File "C:\a\yasb\yasb\src\core\utils\widget_builder.py", line 58, in _build_widget
  File "C:\a\yasb\yasb\venv\Lib\site-packages\cerberus\validator.py", line 1031, in validate
  File "C:\a\yasb\yasb\venv\Lib\site-packages\cerberus\validator.py", line 644, in __init_processing
cerberus.validator.DocumentError: document is missing
2025-06-26 19:56:51,455 [ERROR] [MainThread] [root/weather.py:168]: API key or location is missing. Please provide a valid API key and location.
2025-06-26 19:56:51,639 [INFO] [MainThread] [root/bar_manager.py:70]: Starting WindowsNotificationEventListener...
2025-06-26 19:56:51,641 [INFO] [MainThread] [root/bar_manager.py:70]: Starting SystemEventListener...
2025-06-26 19:56:51,642 [INFO] [MainThread] [root/watcher.py:54]: Created file watcher for path C:\Users\237\.config\yasb
2025-06-26 19:56:51,879 [DEBUG] [MainThread] [qasync._windows._EventPoller/_windows.py:213]: Starting (proactor: <_IocpProactor overlapped#=0 result#=0>)...
2025-06-26 19:56:51,889 [DEBUG] [Dummy-5] [qasync._windows._EventWorker/_windows.py:192]: Thread started
2025-06-26 19:58:21,408 [INFO] [MainThread] [root/controller.py:14]: Reloading Application because of config change.
2025-06-26 19:58:21,512 [INFO] [MainThread] [cli_server/cli_server.py:112]: Log pipe server stopped
2025-06-26 19:58:21,512 [DEBUG] [MainThread] [cli_server/cli_server.py:206]: CLI server stopped
2025-06-26 19:58:21,584 [INFO] [MainThread] [root/bar_manager.py:61]: Successfully loaded updated config and re-initialised all bars.
2025-06-26 19:58:21,584 [DEBUG] [MainThread] [qasync._windows._EventPoller/_windows.py:218]: Stopping worker thread...
2025-06-26 19:58:21,592 [DEBUG] [Dummy-5] [qasync._windows._EventWorker/_windows.py:201]: Exiting thread
2025-06-26 19:58:21,594 [DEBUG] [MainThread] [qasync._windows._IocpProactor/_windows.py:75]: Closing
2025-06-26 19:58:21,926 [INFO] [MainThread] [root/log.py:59]: YASB v1.7.6
2025-06-26 19:58:21,927 [INFO] [Thread-1 (_run_server)] [cli_server/cli_server.py:212]: CLI server started v1.1.2
2025-06-26 19:58:21,927 [INFO] [MainThread] [cli_server/cli_server.py:104]: Log pipe server started
2025-06-26 19:58:26,295 [DEBUG] [MainThread] [comtypes/__init__.py:149]: CoInitializeEx(None, 2)
2025-06-26 19:58:26,326 [DEBUG] [MainThread] [pyvda.build/build.py:53]: Starting feature detection...
2025-06-26 19:58:26,333 [DEBUG] [MainThread] [pyvda.build/build.py:36]: Querying {4970BA3D-FD4E-4647-BEA3-D89076EF4B9C}... No such interface supported
2025-06-26 19:58:26,334 [DEBUG] [MainThread] [comtypes._post_coinit.unknwn/unknwn.py:283]: Release <POINTER(IServiceProvider) ptr=0x1564a9dc2c8 at 1564bc1c650>
2025-06-26 19:58:26,335 [DEBUG] [MainThread] [pyvda.build/build.py:36]: Querying {A3175F2D-239C-4BD2-8AA0-EEBA8B0B138E}... No such interface supported
2025-06-26 19:58:26,336 [DEBUG] [MainThread] [comtypes._post_coinit.unknwn/unknwn.py:283]: Release <POINTER(IServiceProvider) ptr=0x1564a9dcf78 at 1564bc1c4d0>
2025-06-26 19:58:26,337 [DEBUG] [MainThread] [pyvda.build/build.py:36]: Querying {B2F925B9-5A0F-4D2E-9F4D-2B1507593C10}... No such interface supported
2025-06-26 19:58:26,337 [DEBUG] [MainThread] [comtypes._post_coinit.unknwn/unknwn.py:283]: Release <POINTER(IServiceProvider) ptr=0x1564a9dd2f8 at 1564bc1c650>
2025-06-26 19:58:26,338 [DEBUG] [MainThread] [pyvda.build/build.py:36]: Querying {094AFE11-44F2-4BA0-976F-29A97E263EE0}... No such interface supported
2025-06-26 19:58:26,338 [DEBUG] [MainThread] [comtypes._post_coinit.unknwn/unknwn.py:283]: Release <POINTER(IServiceProvider) ptr=0x1564a9dbca8 at 1564bc1c4d0>
2025-06-26 19:58:26,343 [DEBUG] [MainThread] [pyvda.build/build.py:38]: Querying {F31574D6-B682-4CDC-BD56-1827860ABEC6}... Success!
2025-06-26 19:58:26,343 [DEBUG] [MainThread] [comtypes._post_coinit.unknwn/unknwn.py:283]: Release <POINTER(IServiceProvider) ptr=0x1564a9db848 at 1564bc1c650>
2025-06-26 19:58:26,344 [DEBUG] [MainThread] [comtypes._post_coinit.unknwn/unknwn.py:283]: Release <POINTER(IUnknown) ptr=0x1564a9dbbc8 at 1564bc1c4d0>
2025-06-26 19:58:26,344 [DEBUG] [MainThread] [pyvda.build/build.py:116]: Feature detection complete. Windows version is over 19041
2025-06-26 19:58:26,350 [DEBUG] [MainThread] [comtypes/__init__.py:149]: CoInitializeEx(None, 2)
2025-06-26 19:58:26,351 [DEBUG] [MainThread] [comtypes._post_coinit.unknwn/unknwn.py:283]: Release <POINTER(IServiceProvider) ptr=0x1564a9dcaa8 at 1564bc1d1d0>
2025-06-26 19:58:26,357 [DEBUG] [MainThread] [comtypes._post_coinit.unknwn/unknwn.py:283]: Release <POINTER(IServiceProvider) ptr=0x1564a9dd2f8 at 1564bc1d1d0>
2025-06-26 19:58:26,361 [DEBUG] [MainThread] [comtypes._post_coinit.unknwn/unknwn.py:283]: Release <POINTER(IServiceProvider) ptr=0x1564a9dc4f8 at 1564bc1d1d0>
2025-06-26 19:58:26,363 [DEBUG] [MainThread] [comtypes._post_coinit.unknwn/unknwn.py:283]: Release <POINTER(IServiceProvider) ptr=0x1564a9dd2f8 at 1564bc1d1d0>
2025-06-26 19:58:26,374 [DEBUG] [MainThread] [comtypes._post_coinit.unknwn/unknwn.py:283]: Release <POINTER(IObjectArray) ptr=0x1564a9dbd18 at 1564babeed0>
2025-06-26 19:58:26,374 [DEBUG] [MainThread] [comtypes._post_coinit.unknwn/unknwn.py:283]: Release <POINTER(IVirtualDesktop) ptr=0x1564a9dd448 at 1564babc050>
2025-06-26 19:58:26,375 [DEBUG] [MainThread] [comtypes._post_coinit.unknwn/unknwn.py:283]: Release <POINTER(IVirtualDesktop) ptr=0x1564a9dd3d8 at 1564babe6d0>
2025-06-26 19:58:26,375 [DEBUG] [MainThread] [comtypes._post_coinit.unknwn/unknwn.py:283]: Release <POINTER(IVirtualDesktop) ptr=0x1564a9dd368 at 1564babec50>
2025-06-26 19:58:26,375 [DEBUG] [MainThread] [comtypes._post_coinit.unknwn/unknwn.py:283]: Release <POINTER(IVirtualDesktop) ptr=0x1564a9dc028 at 1564babe750>
2025-06-26 19:58:26,377 [DEBUG] [MainThread] [comtypes._post_coinit.unknwn/unknwn.py:283]: Release <POINTER(IObjectArray) ptr=0x1564a9dc028 at 1564babec50>
2025-06-26 19:58:26,377 [DEBUG] [MainThread] [comtypes._post_coinit.unknwn/unknwn.py:283]: Release <POINTER(IVirtualDesktop) ptr=0x1564a9dbd18 at 1564babe6d0>
2025-06-26 19:58:26,377 [DEBUG] [MainThread] [comtypes._post_coinit.unknwn/unknwn.py:283]: Release <POINTER(IVirtualDesktop) ptr=0x1564a9dbd18 at 1564babe750>
2025-06-26 19:58:26,378 [DEBUG] [MainThread] [comtypes._post_coinit.unknwn/unknwn.py:283]: Release <POINTER(IObjectArray) ptr=0x1564a9dd678 at 1564babe6d0>
2025-06-26 19:58:26,379 [DEBUG] [MainThread] [comtypes._post_coinit.unknwn/unknwn.py:283]: Release <POINTER(IVirtualDesktop) ptr=0x1564a9dc648 at 1564babec50>
2025-06-26 19:58:26,379 [DEBUG] [MainThread] [comtypes._post_coinit.unknwn/unknwn.py:283]: Release <POINTER(IVirtualDesktop) ptr=0x1564a9dc648 at 1564babe750>
2025-06-26 19:58:26,380 [DEBUG] [MainThread] [comtypes._post_coinit.unknwn/unknwn.py:283]: Release <POINTER(IObjectArray) ptr=0x1564a9dd598 at 1564babe750>
2025-06-26 19:58:26,380 [DEBUG] [MainThread] [comtypes._post_coinit.unknwn/unknwn.py:283]: Release <POINTER(IVirtualDesktop) ptr=0x1564a9dd678 at 1564babeed0>
2025-06-26 19:58:26,381 [DEBUG] [MainThread] [comtypes._post_coinit.unknwn/unknwn.py:283]: Release <POINTER(IVirtualDesktop) ptr=0x1564a9dd528 at 1564babc050>
2025-06-26 19:58:26,381 [DEBUG] [MainThread] [comtypes._post_coinit.unknwn/unknwn.py:283]: Release <POINTER(IVirtualDesktop) ptr=0x1564a9dd4b8 at 1564babe6d0>
2025-06-26 19:58:26,381 [DEBUG] [MainThread] [comtypes._post_coinit.unknwn/unknwn.py:283]: Release <POINTER(IVirtualDesktop) ptr=0x1564a9dd3d8 at 1564babec50>
2025-06-26 19:58:26,382 [DEBUG] [MainThread] [comtypes._post_coinit.unknwn/unknwn.py:283]: Release <POINTER(IObjectArray) ptr=0x1564a9dd528 at 1564babe6d0>
2025-06-26 19:58:26,382 [DEBUG] [MainThread] [comtypes._post_coinit.unknwn/unknwn.py:283]: Release <POINTER(IVirtualDesktop) ptr=0x1564a9dd678 at 1564babc050>
2025-06-26 19:58:26,383 [DEBUG] [MainThread] [comtypes._post_coinit.unknwn/unknwn.py:283]: Release <POINTER(IVirtualDesktop) ptr=0x1564a9dd678 at 1564babec50>
2025-06-26 19:58:26,383 [DEBUG] [MainThread] [comtypes._post_coinit.unknwn/unknwn.py:283]: Release <POINTER(IObjectArray) ptr=0x1564a9dd528 at 1564babec50>
2025-06-26 19:58:26,385 [DEBUG] [MainThread] [comtypes._post_coinit.unknwn/unknwn.py:283]: Release <POINTER(IObjectArray) ptr=0x1564a9dd528 at 1564babec50>
2025-06-26 19:58:26,385 [DEBUG] [MainThread] [comtypes._post_coinit.unknwn/unknwn.py:283]: Release <POINTER(IVirtualDesktop2) ptr=0x1564a9dd598 at 1564babe6d0>
2025-06-26 19:58:26,385 [DEBUG] [MainThread] [comtypes._post_coinit.unknwn/unknwn.py:283]: Release <POINTER(IVirtualDesktop) ptr=0x1564a9dd608 at 1564babc050>
2025-06-26 19:58:26,387 [DEBUG] [MainThread] [comtypes._post_coinit.unknwn/unknwn.py:283]: Release <POINTER(IObjectArray) ptr=0x1564a9dd528 at 1564babc050>
2025-06-26 19:58:26,388 [DEBUG] [MainThread] [comtypes._post_coinit.unknwn/unknwn.py:283]: Release <POINTER(IVirtualDesktop2) ptr=0x1564a9dc648 at 1564babec50>
2025-06-26 19:58:26,389 [DEBUG] [MainThread] [comtypes._post_coinit.unknwn/unknwn.py:283]: Release <POINTER(IVirtualDesktop) ptr=0x1564a9dd448 at 1564babe6d0>
2025-06-26 19:58:26,389 [DEBUG] [MainThread] [comtypes._post_coinit.unknwn/unknwn.py:283]: Release <POINTER(IObjectArray) ptr=0x1564a9dd368 at 1564babc050>
2025-06-26 19:58:26,389 [DEBUG] [MainThread] [comtypes._post_coinit.unknwn/unknwn.py:283]: Release <POINTER(IVirtualDesktop2) ptr=0x15649b4d838 at 1564babe750>
2025-06-26 19:58:26,391 [DEBUG] [MainThread] [comtypes._post_coinit.unknwn/unknwn.py:283]: Release <POINTER(IObjectArray) ptr=0x15649b4d448 at 1564babe750>
2025-06-26 19:58:26,392 [DEBUG] [MainThread] [comtypes._post_coinit.unknwn/unknwn.py:283]: Release <POINTER(IVirtualDesktop2) ptr=0x15649b4dd08 at 1564babe6d0>
2025-06-26 19:58:26,392 [DEBUG] [MainThread] [comtypes._post_coinit.unknwn/unknwn.py:283]: Release <POINTER(IVirtualDesktop2) ptr=0x15649b4d058 at 1564babec50>
2025-06-26 19:58:26,393 [DEBUG] [MainThread] [comtypes._post_coinit.unknwn/unknwn.py:283]: Release <POINTER(IVirtualDesktop) ptr=0x15649b4d918 at 1564babc050>
2025-06-26 19:58:26,393 [DEBUG] [MainThread] [comtypes._post_coinit.unknwn/unknwn.py:283]: Release <POINTER(IObjectArray) ptr=0x15649b4d368 at 1564babe750>
2025-06-26 19:58:26,393 [DEBUG] [MainThread] [comtypes._post_coinit.unknwn/unknwn.py:283]: Release <POINTER(IVirtualDesktop2) ptr=0x15649b4d988 at 1564babeed0>
2025-06-26 19:58:26,394 [DEBUG] [MainThread] [comtypes._post_coinit.unknwn/unknwn.py:283]: Release <POINTER(IObjectArray) ptr=0x15649b4d608 at 1564babeed0>
2025-06-26 19:58:26,395 [DEBUG] [MainThread] [comtypes._post_coinit.unknwn/unknwn.py:283]: Release <POINTER(IVirtualDesktop2) ptr=0x15649b4d1a8 at 1564babc050>
2025-06-26 19:58:26,396 [DEBUG] [MainThread] [comtypes._post_coinit.unknwn/unknwn.py:283]: Release <POINTER(IVirtualDesktop2) ptr=0x15649b4d288 at 1564babec50>
2025-06-26 19:58:26,397 [DEBUG] [MainThread] [comtypes._post_coinit.unknwn/unknwn.py:283]: Release <POINTER(IVirtualDesktop2) ptr=0x15649b4d2f8 at 1564babe6d0>
2025-06-26 19:58:26,397 [DEBUG] [MainThread] [comtypes._post_coinit.unknwn/unknwn.py:283]: Release <POINTER(IVirtualDesktop) ptr=0x15649b4cfe8 at 1564babe750>
2025-06-26 19:58:26,397 [DEBUG] [MainThread] [comtypes._post_coinit.unknwn/unknwn.py:283]: Release <POINTER(IObjectArray) ptr=0x15649b4d058 at 1564babeed0>
2025-06-26 19:58:26,397 [DEBUG] [MainThread] [comtypes._post_coinit.unknwn/unknwn.py:283]: Release <POINTER(IVirtualDesktop2) ptr=0x15649b4d608 at 1564babc050>
2025-06-26 19:58:26,401 [DEBUG] [MainThread] [comtypes._post_coinit.unknwn/unknwn.py:283]: Release <POINTER(IObjectArray) ptr=0x15649b4d6e8 at 1564babeed0>
2025-06-26 19:58:26,402 [DEBUG] [MainThread] [comtypes._post_coinit.unknwn/unknwn.py:283]: Release <POINTER(IVirtualDesktop) ptr=0x15649b4d448 at 1564babe750>
2025-06-26 19:58:26,402 [DEBUG] [MainThread] [comtypes._post_coinit.unknwn/unknwn.py:283]: Release <POINTER(IObjectArray) ptr=0x15649b4dc28 at 1564babeed0>
2025-06-26 19:58:26,402 [DEBUG] [MainThread] [comtypes._post_coinit.unknwn/unknwn.py:283]: Release <POINTER(IVirtualDesktop2) ptr=0x15649b4d058 at 1564babec50>
2025-06-26 19:58:26,403 [DEBUG] [MainThread] [comtypes._post_coinit.unknwn/unknwn.py:283]: Release <POINTER(IObjectArray) ptr=0x15649b4d058 at 1564babeed0>
2025-06-26 19:58:26,404 [DEBUG] [MainThread] [comtypes._post_coinit.unknwn/unknwn.py:283]: Release <POINTER(IObjectArray) ptr=0x15649b4dd08 at 1564babeed0>
2025-06-26 19:58:26,404 [DEBUG] [MainThread] [comtypes._post_coinit.unknwn/unknwn.py:283]: Release <POINTER(IVirtualDesktop2) ptr=0x15649b4d058 at 1564babe750>
2025-06-26 19:58:26,404 [DEBUG] [MainThread] [comtypes._post_coinit.unknwn/unknwn.py:283]: Release <POINTER(IVirtualDesktop) ptr=0x15649b4d1a8 at 1564babc050>
2025-06-26 19:58:26,405 [DEBUG] [MainThread] [comtypes._post_coinit.unknwn/unknwn.py:283]: Release <POINTER(IObjectArray) ptr=0x15649b4dd08 at 1564babec50>
2025-06-26 19:58:26,406 [DEBUG] [MainThread] [comtypes._post_coinit.unknwn/unknwn.py:283]: Release <POINTER(IVirtualDesktop2) ptr=0x15649b4d838 at 1564babe750>
2025-06-26 19:58:26,407 [DEBUG] [MainThread] [comtypes._post_coinit.unknwn/unknwn.py:283]: Release <POINTER(IVirtualDesktop) ptr=0x15649b4d1a8 at 1564babc050>
2025-06-26 19:58:26,407 [DEBUG] [MainThread] [comtypes._post_coinit.unknwn/unknwn.py:283]: Release <POINTER(IObjectArray) ptr=0x15649b4d678 at 1564babec50>
2025-06-26 19:58:26,407 [DEBUG] [MainThread] [comtypes._post_coinit.unknwn/unknwn.py:283]: Release <POINTER(IVirtualDesktop2) ptr=0x15649b4d758 at 1564babe6d0>
2025-06-26 19:58:26,408 [DEBUG] [MainThread] [comtypes._post_coinit.unknwn/unknwn.py:283]: Release <POINTER(IObjectArray) ptr=0x15649b4d058 at 1564babe6d0>
2025-06-26 19:58:26,410 [DEBUG] [MainThread] [comtypes._post_coinit.unknwn/unknwn.py:283]: Release <POINTER(IVirtualDesktop2) ptr=0x15649b4d918 at 1564babc050>
2025-06-26 19:58:26,410 [DEBUG] [MainThread] [comtypes._post_coinit.unknwn/unknwn.py:283]: Release <POINTER(IVirtualDesktop) ptr=0x15649b4d1a8 at 1564babec50>
2025-06-26 19:58:26,410 [DEBUG] [MainThread] [comtypes._post_coinit.unknwn/unknwn.py:283]: Release <POINTER(IObjectArray) ptr=0x15649b4d058 at 1564babe6d0>
2025-06-26 19:58:26,411 [DEBUG] [MainThread] [comtypes._post_coinit.unknwn/unknwn.py:283]: Release <POINTER(IVirtualDesktop2) ptr=0x15649b4dc28 at 1564babe750>
2025-06-26 19:58:26,411 [DEBUG] [MainThread] [comtypes._post_coinit.unknwn/unknwn.py:283]: Release <POINTER(IObjectArray) ptr=0x15649b4d988 at 1564babe750>
2025-06-26 19:58:26,413 [DEBUG] [MainThread] [comtypes._post_coinit.unknwn/unknwn.py:283]: Release <POINTER(IVirtualDesktop2) ptr=0x15649b4d448 at 1564babec50>
2025-06-26 19:58:26,413 [DEBUG] [MainThread] [comtypes._post_coinit.unknwn/unknwn.py:283]: Release <POINTER(IVirtualDesktop2) ptr=0x15649b4d8a8 at 1564babc050>
2025-06-26 19:58:26,414 [DEBUG] [MainThread] [comtypes._post_coinit.unknwn/unknwn.py:283]: Release <POINTER(IVirtualDesktop) ptr=0x15649b4d678 at 1564babe6d0>
2025-06-26 19:58:26,414 [DEBUG] [MainThread] [comtypes._post_coinit.unknwn/unknwn.py:283]: Release <POINTER(IObjectArray) ptr=0x15649b4d918 at 1564babe750>
2025-06-26 19:58:26,414 [DEBUG] [MainThread] [comtypes._post_coinit.unknwn/unknwn.py:283]: Release <POINTER(IVirtualDesktop2) ptr=0x15649b4d448 at 1564babeed0>
2025-06-26 19:58:26,415 [DEBUG] [MainThread] [comtypes._post_coinit.unknwn/unknwn.py:283]: Release <POINTER(IObjectArray) ptr=0x15649b4d058 at 1564babeed0>
2025-06-26 19:58:26,416 [DEBUG] [MainThread] [comtypes._post_coinit.unknwn/unknwn.py:283]: Release <POINTER(IVirtualDesktop2) ptr=0x15649b4d1a8 at 1564babe6d0>
2025-06-26 19:58:26,417 [DEBUG] [MainThread] [comtypes._post_coinit.unknwn/unknwn.py:283]: Release <POINTER(IVirtualDesktop2) ptr=0x15649b4d288 at 1564babc050>
2025-06-26 19:58:26,417 [DEBUG] [MainThread] [comtypes._post_coinit.unknwn/unknwn.py:283]: Release <POINTER(IVirtualDesktop) ptr=0x15649b4d448 at 1564babe750>
2025-06-26 19:58:26,418 [DEBUG] [MainThread] [comtypes._post_coinit.unknwn/unknwn.py:283]: Release <POINTER(IObjectArray) ptr=0x15649b4d9f8 at 1564babeed0>
2025-06-26 19:58:26,418 [DEBUG] [MainThread] [comtypes._post_coinit.unknwn/unknwn.py:283]: Release <POINTER(IVirtualDesktop2) ptr=0x15649b4d608 at 1564babec50>
2025-06-26 19:58:26,419 [DEBUG] [MainThread] [comtypes._post_coinit.unknwn/unknwn.py:283]: Release <POINTER(IObjectArray) ptr=0x15649b4dc28 at 1564babec50>
2025-06-26 19:58:26,420 [DEBUG] [MainThread] [comtypes._post_coinit.unknwn/unknwn.py:283]: Release <POINTER(IVirtualDesktop2) ptr=0x15649b4d2f8 at 1564babe750>
2025-06-26 19:58:26,420 [DEBUG] [MainThread] [comtypes._post_coinit.unknwn/unknwn.py:283]: Release <POINTER(IVirtualDesktop2) ptr=0x15649b4d678 at 1564babc050>
2025-06-26 19:58:26,421 [DEBUG] [MainThread] [comtypes._post_coinit.unknwn/unknwn.py:283]: Release <POINTER(IVirtualDesktop2) ptr=0x15649b4dc28 at 1564babe6d0>
2025-06-26 19:58:26,421 [DEBUG] [MainThread] [comtypes._post_coinit.unknwn/unknwn.py:283]: Release <POINTER(IVirtualDesktop) ptr=0x15649b4d058 at 1564babeed0>
2025-06-26 19:58:26,422 [DEBUG] [MainThread] [comtypes._post_coinit.unknwn/unknwn.py:283]: Release <POINTER(IObjectArray) ptr=0x15649b4d8a8 at 1564babec50>
2025-06-26 19:58:26,422 [DEBUG] [MainThread] [comtypes._post_coinit.unknwn/unknwn.py:283]: Release <POINTER(IVirtualDesktop2) ptr=0x15649b4dd08 at 1564babe750>
2025-06-26 19:58:26,423 [DEBUG] [MainThread] [comtypes._post_coinit.unknwn/unknwn.py:283]: Release <POINTER(IObjectArray) ptr=0x15649b4d448 at 1564babe750>
2025-06-26 19:58:26,424 [DEBUG] [MainThread] [comtypes._post_coinit.unknwn/unknwn.py:283]: Release <POINTER(IVirtualDesktop2) ptr=0x15649b4d058 at 1564babeed0>
2025-06-26 19:58:26,425 [DEBUG] [MainThread] [comtypes._post_coinit.unknwn/unknwn.py:283]: Release <POINTER(IVirtualDesktop2) ptr=0x15649b4d1a8 at 1564babe6d0>
2025-06-26 19:58:26,425 [DEBUG] [MainThread] [comtypes._post_coinit.unknwn/unknwn.py:283]: Release <POINTER(IVirtualDesktop2) ptr=0x15649b4d678 at 1564babc050>
2025-06-26 19:58:26,426 [DEBUG] [MainThread] [comtypes._post_coinit.unknwn/unknwn.py:283]: Release <POINTER(IVirtualDesktop) ptr=0x15649b4d8a8 at 1564babec50>
2025-06-26 19:58:26,426 [DEBUG] [MainThread] [comtypes._post_coinit.unknwn/unknwn.py:283]: Release <POINTER(IObjectArray) ptr=0x15649b4d838 at 1564babe750>
2025-06-26 19:58:26,426 [DEBUG] [MainThread] [comtypes._post_coinit.unknwn/unknwn.py:283]: Release <POINTER(IVirtualDesktop2) ptr=0x15649b4d918 at 1564babeed0>
2025-06-26 19:58:26,493 [ERROR] [MainThread] [root/weather.py:168]: API key or location is missing. Please provide a valid API key and location.
2025-06-26 19:58:27,766 [ERROR] [MainThread] [root/weather.py:168]: API key or location is missing. Please provide a valid API key and location.
2025-06-26 19:58:28,015 [INFO] [MainThread] [root/bar_manager.py:70]: Starting WindowsNotificationEventListener...
2025-06-26 19:58:28,016 [INFO] [MainThread] [root/bar_manager.py:70]: Starting SystemEventListener...
2025-06-26 19:58:28,017 [INFO] [MainThread] [root/watcher.py:54]: Created file watcher for path C:\Users\237\.config\yasb
2025-06-26 19:58:28,300 [DEBUG] [MainThread] [qasync._windows._EventPoller/_windows.py:213]: Starting (proactor: <_IocpProactor overlapped#=0 result#=0>)...
2025-06-26 19:58:28,304 [DEBUG] [Dummy-5] [qasync._windows._EventWorker/_windows.py:192]: Thread started
2025-06-26 20:00:27,460 [INFO] [MainThread] [root/controller.py:14]: Reloading Application because of config change.
2025-06-26 20:00:27,571 [INFO] [MainThread] [cli_server/cli_server.py:112]: Log pipe server stopped
2025-06-26 20:00:27,571 [DEBUG] [MainThread] [cli_server/cli_server.py:206]: CLI server stopped
2025-06-26 20:00:27,644 [INFO] [MainThread] [root/bar_manager.py:61]: Successfully loaded updated config and re-initialised all bars.
2025-06-26 20:00:27,645 [DEBUG] [MainThread] [qasync._windows._EventPoller/_windows.py:218]: Stopping worker thread...
2025-06-26 20:00:27,651 [DEBUG] [Dummy-5] [qasync._windows._EventWorker/_windows.py:201]: Exiting thread
2025-06-26 20:00:27,652 [DEBUG] [MainThread] [qasync._windows._IocpProactor/_windows.py:75]: Closing
2025-06-26 20:00:27,973 [INFO] [MainThread] [root/log.py:59]: YASB v1.7.6
2025-06-26 20:00:27,973 [INFO] [Thread-1 (_run_server)] [cli_server/cli_server.py:212]: CLI server started v1.1.2
2025-06-26 20:00:27,974 [INFO] [MainThread] [cli_server/cli_server.py:104]: Log pipe server started
2025-06-26 20:00:28,151 [ERROR] [MainThread] [root/weather.py:168]: API key or location is missing. Please provide a valid API key and location.
2025-06-26 20:00:28,155 [DEBUG] [MainThread] [comtypes/__init__.py:149]: CoInitializeEx(None, 2)
2025-06-26 20:00:28,923 [ERROR] [MainThread] [root/weather.py:168]: API key or location is missing. Please provide a valid API key and location.
2025-06-26 20:00:29,125 [INFO] [MainThread] [root/bar_manager.py:70]: Starting WindowsNotificationEventListener...
2025-06-26 20:00:29,127 [INFO] [MainThread] [root/bar_manager.py:70]: Starting KomorebiEventListener...
2025-06-26 20:00:29,127 [INFO] [MainThread] [root/bar_manager.py:70]: Starting SystemEventListener...
2025-06-26 20:00:29,128 [INFO] [MainThread] [root/watcher.py:54]: Created file watcher for path C:\Users\237\.config\yasb
2025-06-26 20:00:29,287 [INFO] [Dummy-5] [root/event_listener.py:51]: Created named pipe yasb-bc773817-52e9-11f0-92ae-94e23cf377ed
2025-06-26 20:00:29,349 [DEBUG] [MainThread] [qasync._windows._EventPoller/_windows.py:213]: Starting (proactor: <_IocpProactor overlapped#=0 result#=0>)...
2025-06-26 20:00:29,358 [DEBUG] [Dummy-8] [qasync._windows._EventWorker/_windows.py:192]: Thread started
2025-06-26 20:06:44,470 [INFO] [MainThread] [root/controller.py:14]: Reloading Application from tray...
2025-06-26 20:06:44,577 [INFO] [MainThread] [cli_server/cli_server.py:112]: Log pipe server stopped
2025-06-26 20:06:44,577 [DEBUG] [MainThread] [cli_server/cli_server.py:206]: CLI server stopped
2025-06-26 20:06:44,649 [DEBUG] [MainThread] [qasync._windows._EventPoller/_windows.py:218]: Stopping worker thread...
2025-06-26 20:06:44,656 [DEBUG] [Dummy-8] [qasync._windows._EventWorker/_windows.py:201]: Exiting thread
2025-06-26 20:06:44,658 [DEBUG] [MainThread] [qasync._windows._IocpProactor/_windows.py:75]: Closing
2025-06-26 20:06:44,709 [ERROR] [Dummy-155] [root/event_service.py:32]: Failed to emit signal <bound PYQT_SIGNAL window_name_change of ActiveWindowWidget object at 0x0000027827813570>. Removing link to WinEvent.EventObjectNameChange.
2025-06-26 20:06:44,970 [INFO] [MainThread] [root/log.py:59]: YASB v1.7.6
2025-06-26 20:06:44,971 [INFO] [Thread-1 (_run_server)] [cli_server/cli_server.py:212]: CLI server started v1.1.2
2025-06-26 20:06:44,971 [INFO] [MainThread] [cli_server/cli_server.py:104]: Log pipe server started
2025-06-26 20:06:45,139 [ERROR] [MainThread] [root/weather.py:168]: API key or location is missing. Please provide a valid API key and location.
2025-06-26 20:06:45,143 [DEBUG] [MainThread] [comtypes/__init__.py:149]: CoInitializeEx(None, 2)
2025-06-26 20:06:46,178 [ERROR] [MainThread] [root/weather.py:168]: API key or location is missing. Please provide a valid API key and location.
2025-06-26 20:06:46,426 [INFO] [MainThread] [root/bar_manager.py:70]: Starting KomorebiEventListener...
2025-06-26 20:06:46,426 [INFO] [MainThread] [root/bar_manager.py:70]: Starting WindowsNotificationEventListener...
2025-06-26 20:06:46,428 [INFO] [MainThread] [root/bar_manager.py:70]: Starting SystemEventListener...
2025-06-26 20:06:46,428 [INFO] [MainThread] [root/watcher.py:54]: Created file watcher for path C:\Users\237\.config\yasb
2025-06-26 20:06:46,664 [INFO] [Dummy-5] [root/event_listener.py:51]: Created named pipe yasb-9d5a903d-52ea-11f0-a959-94e23cf377ed
2025-06-26 20:06:46,787 [DEBUG] [MainThread] [qasync._windows._EventPoller/_windows.py:213]: Starting (proactor: <_IocpProactor overlapped#=0 result#=0>)...
2025-06-26 20:06:46,790 [DEBUG] [Dummy-8] [qasync._windows._EventWorker/_windows.py:192]: Thread started
2025-06-26 20:07:20,581 [INFO] [MainThread] [root/controller.py:14]: Reloading Application from tray...
2025-06-26 20:07:20,683 [INFO] [MainThread] [cli_server/cli_server.py:112]: Log pipe server stopped
2025-06-26 20:07:20,683 [DEBUG] [MainThread] [cli_server/cli_server.py:206]: CLI server stopped
2025-06-26 20:07:20,756 [DEBUG] [MainThread] [qasync._windows._EventPoller/_windows.py:218]: Stopping worker thread...
2025-06-26 20:07:20,762 [DEBUG] [Dummy-8] [qasync._windows._EventWorker/_windows.py:201]: Exiting thread
2025-06-26 20:07:20,765 [DEBUG] [MainThread] [qasync._windows._IocpProactor/_windows.py:75]: Closing
2025-06-26 20:07:20,809 [ERROR] [Dummy-21] [root/event_service.py:32]: Failed to emit signal <bound PYQT_SIGNAL window_name_change of ActiveWindowWidget object at 0x00000230A7BB3570>. Removing link to WinEvent.EventObjectNameChange.
2025-06-26 20:07:21,078 [INFO] [MainThread] [root/log.py:59]: YASB v1.7.6
2025-06-26 20:07:21,079 [INFO] [Thread-1 (_run_server)] [cli_server/cli_server.py:212]: CLI server started v1.1.2
2025-06-26 20:07:21,079 [INFO] [MainThread] [cli_server/cli_server.py:104]: Log pipe server started
2025-06-26 20:07:21,257 [ERROR] [MainThread] [root/weather.py:168]: API key or location is missing. Please provide a valid API key and location.
2025-06-26 20:07:21,260 [DEBUG] [MainThread] [comtypes/__init__.py:149]: CoInitializeEx(None, 2)
2025-06-26 20:07:22,025 [ERROR] [MainThread] [root/weather.py:168]: API key or location is missing. Please provide a valid API key and location.
2025-06-26 20:07:22,253 [INFO] [MainThread] [root/bar_manager.py:70]: Starting KomorebiEventListener...
2025-06-26 20:07:22,253 [INFO] [MainThread] [root/bar_manager.py:70]: Starting SystemEventListener...
2025-06-26 20:07:22,254 [INFO] [MainThread] [root/bar_manager.py:70]: Starting WindowsNotificationEventListener...
2025-06-26 20:07:22,255 [INFO] [MainThread] [root/watcher.py:54]: Created file watcher for path C:\Users\237\.config\yasb
2025-06-26 20:07:22,472 [INFO] [Dummy-5] [root/event_listener.py:51]: Created named pipe yasb-b2b543a4-52ea-11f0-80c2-94e23cf377ed
2025-06-26 20:07:22,589 [DEBUG] [MainThread] [qasync._windows._EventPoller/_windows.py:213]: Starting (proactor: <_IocpProactor overlapped#=0 result#=0>)...
2025-06-26 20:07:22,590 [DEBUG] [Dummy-8] [qasync._windows._EventWorker/_windows.py:192]: Thread started
2025-06-26 20:07:55,241 [INFO] [MainThread] [root/controller.py:14]: Reloading Application because of config change.
2025-06-26 20:07:55,354 [INFO] [MainThread] [cli_server/cli_server.py:112]: Log pipe server stopped
2025-06-26 20:07:55,354 [DEBUG] [MainThread] [cli_server/cli_server.py:206]: CLI server stopped
2025-06-26 20:07:55,428 [INFO] [MainThread] [root/bar_manager.py:61]: Successfully loaded updated config and re-initialised all bars.
2025-06-26 20:07:55,428 [DEBUG] [MainThread] [qasync._windows._EventPoller/_windows.py:218]: Stopping worker thread...
2025-06-26 20:07:55,449 [DEBUG] [Dummy-8] [qasync._windows._EventWorker/_windows.py:201]: Exiting thread
2025-06-26 20:07:55,450 [DEBUG] [MainThread] [qasync._windows._IocpProactor/_windows.py:75]: Closing
2025-06-26 20:07:55,746 [INFO] [MainThread] [root/log.py:59]: YASB v1.7.6
2025-06-26 20:07:55,747 [INFO] [Thread-1 (_run_server)] [cli_server/cli_server.py:212]: CLI server started v1.1.2
2025-06-26 20:07:55,747 [INFO] [MainThread] [cli_server/cli_server.py:104]: Log pipe server started
2025-06-26 20:07:55,930 [ERROR] [MainThread] [root/weather.py:168]: API key or location is missing. Please provide a valid API key and location.
2025-06-26 20:07:55,933 [DEBUG] [MainThread] [comtypes/__init__.py:149]: CoInitializeEx(None, 2)
2025-06-26 20:07:56,621 [WARNING] [MainThread] [root/widget_builder.py:37]: Ignoring construction of invalid widget 'komorebi_active_layout'
2025-06-26 20:07:56,630 [ERROR] [MainThread] [root/weather.py:168]: API key or location is missing. Please provide a valid API key and location.
2025-06-26 20:07:56,856 [INFO] [MainThread] [root/bar_manager.py:70]: Starting KomorebiEventListener...
2025-06-26 20:07:56,857 [INFO] [MainThread] [root/bar_manager.py:70]: Starting WindowsNotificationEventListener...
2025-06-26 20:07:56,858 [INFO] [MainThread] [root/bar_manager.py:70]: Starting SystemEventListener...
2025-06-26 20:07:56,858 [ERROR] [MainThread] [root/widget_builder.py:93]: Failed to validate widget(s) due to invalid options  - komorebi_active_layout
      layout_icons:
      - maximized:
        - unknown field
      
2025-06-26 20:07:56,917 [INFO] [Dummy-3] [root/event_listener.py:51]: Created named pipe yasb-c75565c1-52ea-11f0-a301-94e23cf377ed
2025-06-26 20:08:41,306 [INFO] [MainThread] [root/watcher.py:54]: Created file watcher for path C:\Users\237\.config\yasb
2025-06-26 20:08:41,423 [DEBUG] [MainThread] [qasync._windows._EventPoller/_windows.py:213]: Starting (proactor: <_IocpProactor overlapped#=0 result#=0>)...
2025-06-26 20:08:41,425 [DEBUG] [Dummy-24] [qasync._windows._EventWorker/_windows.py:192]: Thread started
2025-06-26 20:08:46,915 [INFO] [MainThread] [root/controller.py:14]: Reloading Application from tray...
2025-06-26 20:08:47,024 [INFO] [MainThread] [cli_server/cli_server.py:112]: Log pipe server stopped
2025-06-26 20:08:47,024 [DEBUG] [MainThread] [cli_server/cli_server.py:206]: CLI server stopped
2025-06-26 20:08:47,100 [DEBUG] [MainThread] [qasync._windows._EventPoller/_windows.py:218]: Stopping worker thread...
2025-06-26 20:08:47,104 [DEBUG] [Dummy-24] [qasync._windows._EventWorker/_windows.py:201]: Exiting thread
2025-06-26 20:08:47,105 [DEBUG] [MainThread] [qasync._windows._IocpProactor/_windows.py:75]: Closing
2025-06-26 20:08:47,404 [INFO] [MainThread] [root/log.py:59]: YASB v1.7.6
2025-06-26 20:08:47,405 [INFO] [Thread-1 (_run_server)] [cli_server/cli_server.py:212]: CLI server started v1.1.2
2025-06-26 20:08:47,405 [INFO] [MainThread] [cli_server/cli_server.py:104]: Log pipe server started
2025-06-26 20:08:47,581 [ERROR] [MainThread] [root/weather.py:168]: API key or location is missing. Please provide a valid API key and location.
2025-06-26 20:08:47,584 [DEBUG] [MainThread] [comtypes/__init__.py:149]: CoInitializeEx(None, 2)
2025-06-26 20:08:48,328 [ERROR] [MainThread] [root/weather.py:168]: API key or location is missing. Please provide a valid API key and location.
2025-06-26 20:08:48,553 [INFO] [MainThread] [root/bar_manager.py:70]: Starting KomorebiEventListener...
2025-06-26 20:08:48,554 [INFO] [MainThread] [root/bar_manager.py:70]: Starting WindowsNotificationEventListener...
2025-06-26 20:08:48,555 [INFO] [MainThread] [root/bar_manager.py:70]: Starting SystemEventListener...
2025-06-26 20:08:48,555 [INFO] [MainThread] [root/watcher.py:54]: Created file watcher for path C:\Users\237\.config\yasb
2025-06-26 20:08:48,765 [INFO] [Dummy-5] [root/event_listener.py:51]: Created named pipe yasb-e625959c-52ea-11f0-8d78-94e23cf377ed
2025-06-26 20:08:48,905 [DEBUG] [MainThread] [qasync._windows._EventPoller/_windows.py:213]: Starting (proactor: <_IocpProactor overlapped#=0 result#=0>)...
2025-06-26 20:08:48,906 [DEBUG] [Dummy-8] [qasync._windows._EventWorker/_windows.py:192]: Thread started
2025-06-26 20:09:21,162 [INFO] [MainThread] [root/controller.py:14]: Reloading Application because of config change.
2025-06-26 20:09:21,269 [INFO] [MainThread] [cli_server/cli_server.py:112]: Log pipe server stopped
2025-06-26 20:09:21,270 [DEBUG] [MainThread] [cli_server/cli_server.py:206]: CLI server stopped
2025-06-26 20:09:21,343 [INFO] [MainThread] [root/bar_manager.py:61]: Successfully loaded updated config and re-initialised all bars.
2025-06-26 20:09:21,343 [DEBUG] [MainThread] [qasync._windows._EventPoller/_windows.py:218]: Stopping worker thread...
2025-06-26 20:09:21,349 [DEBUG] [Dummy-8] [qasync._windows._EventWorker/_windows.py:201]: Exiting thread
2025-06-26 20:09:21,350 [DEBUG] [MainThread] [qasync._windows._IocpProactor/_windows.py:75]: Closing
2025-06-26 20:09:21,643 [INFO] [MainThread] [root/log.py:59]: YASB v1.7.6
2025-06-26 20:09:21,644 [INFO] [Thread-1 (_run_server)] [cli_server/cli_server.py:212]: CLI server started v1.1.2
2025-06-26 20:09:21,644 [INFO] [MainThread] [cli_server/cli_server.py:104]: Log pipe server started
2025-06-26 20:09:21,815 [ERROR] [MainThread] [root/weather.py:168]: API key or location is missing. Please provide a valid API key and location.
2025-06-26 20:09:21,818 [DEBUG] [MainThread] [comtypes/__init__.py:149]: CoInitializeEx(None, 2)
2025-06-26 20:09:22,529 [ERROR] [MainThread] [root/weather.py:168]: API key or location is missing. Please provide a valid API key and location.
2025-06-26 20:09:22,767 [INFO] [MainThread] [root/bar_manager.py:70]: Starting KomorebiEventListener...
2025-06-26 20:09:22,767 [INFO] [MainThread] [root/bar_manager.py:70]: Starting WindowsNotificationEventListener...
2025-06-26 20:09:22,768 [INFO] [MainThread] [root/bar_manager.py:70]: Starting SystemEventListener...
2025-06-26 20:09:22,768 [INFO] [MainThread] [root/watcher.py:54]: Created file watcher for path C:\Users\237\.config\yasb
2025-06-26 20:09:22,968 [INFO] [Dummy-5] [root/event_listener.py:51]: Created named pipe yasb-fa8a32d3-52ea-11f0-b223-94e23cf377ed
2025-06-26 20:09:23,053 [DEBUG] [MainThread] [qasync._windows._EventPoller/_windows.py:213]: Starting (proactor: <_IocpProactor overlapped#=0 result#=0>)...
2025-06-26 20:09:23,055 [DEBUG] [Dummy-6] [qasync._windows._EventWorker/_windows.py:192]: Thread started
2025-06-26 20:09:52,029 [INFO] [MainThread] [root/controller.py:14]: Reloading Application because of config change.
2025-06-26 20:09:52,139 [INFO] [MainThread] [cli_server/cli_server.py:112]: Log pipe server stopped
2025-06-26 20:09:52,139 [DEBUG] [MainThread] [cli_server/cli_server.py:206]: CLI server stopped
2025-06-26 20:09:52,210 [INFO] [MainThread] [root/bar_manager.py:61]: Successfully loaded updated config and re-initialised all bars.
2025-06-26 20:09:52,211 [DEBUG] [MainThread] [qasync._windows._EventPoller/_windows.py:218]: Stopping worker thread...
2025-06-26 20:09:52,219 [DEBUG] [Dummy-6] [qasync._windows._EventWorker/_windows.py:201]: Exiting thread
2025-06-26 20:09:52,220 [DEBUG] [MainThread] [qasync._windows._IocpProactor/_windows.py:75]: Closing
2025-06-26 20:09:52,513 [INFO] [MainThread] [root/log.py:59]: YASB v1.7.6
2025-06-26 20:09:52,513 [INFO] [Thread-1 (_run_server)] [cli_server/cli_server.py:212]: CLI server started v1.1.2
2025-06-26 20:09:52,514 [INFO] [MainThread] [cli_server/cli_server.py:104]: Log pipe server started
2025-06-26 20:09:52,689 [ERROR] [MainThread] [root/weather.py:168]: API key or location is missing. Please provide a valid API key and location.
2025-06-26 20:09:52,693 [DEBUG] [MainThread] [comtypes/__init__.py:149]: CoInitializeEx(None, 2)
2025-06-26 20:09:53,398 [ERROR] [MainThread] [root/weather.py:168]: API key or location is missing. Please provide a valid API key and location.
2025-06-26 20:09:53,627 [INFO] [MainThread] [root/bar_manager.py:70]: Starting SystemEventListener...
2025-06-26 20:09:53,628 [INFO] [MainThread] [root/bar_manager.py:70]: Starting KomorebiEventListener...
2025-06-26 20:09:53,628 [INFO] [MainThread] [root/bar_manager.py:70]: Starting WindowsNotificationEventListener...
2025-06-26 20:09:53,629 [INFO] [MainThread] [root/watcher.py:54]: Created file watcher for path C:\Users\237\.config\yasb
2025-06-26 20:09:53,855 [INFO] [Dummy-5] [root/event_listener.py:51]: Created named pipe yasb-0cef55c9-52eb-11f0-ab9e-94e23cf377ed
2025-06-26 20:09:53,977 [DEBUG] [MainThread] [qasync._windows._EventPoller/_windows.py:213]: Starting (proactor: <_IocpProactor overlapped#=0 result#=0>)...
2025-06-26 20:09:53,978 [DEBUG] [Dummy-8] [qasync._windows._EventWorker/_windows.py:192]: Thread started
2025-06-26 20:10:29,336 [INFO] [MainThread] [root/controller.py:29]: Exiting Application from tray...
2025-06-26 20:10:29,438 [INFO] [MainThread] [cli_server/cli_server.py:112]: Log pipe server stopped
2025-06-26 20:10:29,439 [DEBUG] [MainThread] [cli_server/cli_server.py:206]: CLI server stopped
2025-06-26 20:10:29,440 [DEBUG] [MainThread] [qasync._windows._EventPoller/_windows.py:218]: Stopping worker thread...
2025-06-26 20:10:29,453 [DEBUG] [Dummy-8] [qasync._windows._EventWorker/_windows.py:201]: Exiting thread
2025-06-26 20:10:29,455 [DEBUG] [MainThread] [qasync._windows._IocpProactor/_windows.py:75]: Closing
2025-06-26 20:10:32,473 [INFO] [MainThread] [root/log.py:59]: YASB v1.7.6
2025-06-26 20:10:32,474 [INFO] [Thread-1 (_run_server)] [cli_server/cli_server.py:212]: CLI server started v1.1.2
2025-06-26 20:10:32,474 [INFO] [MainThread] [cli_server/cli_server.py:104]: Log pipe server started
2025-06-26 20:10:32,643 [ERROR] [MainThread] [root/weather.py:168]: API key or location is missing. Please provide a valid API key and location.
2025-06-26 20:10:32,647 [DEBUG] [MainThread] [comtypes/__init__.py:149]: CoInitializeEx(None, 2)
2025-06-26 20:10:33,377 [ERROR] [MainThread] [root/weather.py:168]: API key or location is missing. Please provide a valid API key and location.
2025-06-26 20:10:33,634 [INFO] [MainThread] [root/bar_manager.py:70]: Starting SystemEventListener...
2025-06-26 20:10:33,634 [INFO] [MainThread] [root/bar_manager.py:70]: Starting KomorebiEventListener...
2025-06-26 20:10:33,634 [INFO] [MainThread] [root/bar_manager.py:70]: Starting WindowsNotificationEventListener...
2025-06-26 20:10:33,635 [INFO] [MainThread] [root/watcher.py:54]: Created file watcher for path C:\Users\237\.config\yasb
2025-06-26 20:10:33,860 [INFO] [Dummy-5] [root/event_listener.py:51]: Created named pipe yasb-24c7ab5f-52eb-11f0-b86b-94e23cf377ed
2025-06-26 20:10:33,978 [DEBUG] [MainThread] [qasync._windows._EventPoller/_windows.py:213]: Starting (proactor: <_IocpProactor overlapped#=0 result#=0>)...
2025-06-26 20:10:33,982 [DEBUG] [Dummy-8] [qasync._windows._EventWorker/_windows.py:192]: Thread started
2025-06-26 20:10:52,584 [INFO] [MainThread] [root/controller.py:29]: Exiting Application from tray...
2025-06-26 20:10:52,693 [INFO] [MainThread] [cli_server/cli_server.py:112]: Log pipe server stopped
2025-06-26 20:10:52,693 [DEBUG] [MainThread] [cli_server/cli_server.py:206]: CLI server stopped
2025-06-26 20:10:52,693 [DEBUG] [MainThread] [qasync._windows._EventPoller/_windows.py:218]: Stopping worker thread...
2025-06-26 20:10:52,709 [DEBUG] [Dummy-8] [qasync._windows._EventWorker/_windows.py:201]: Exiting thread
2025-06-26 20:10:52,710 [DEBUG] [MainThread] [qasync._windows._IocpProactor/_windows.py:75]: Closing
2025-06-26 20:10:52,734 [ERROR] [Dummy-15] [root/event_service.py:32]: Failed to emit signal <bound PYQT_SIGNAL window_name_change of ActiveWindowWidget object at 0x000001E5E903FBB0>. Removing link to WinEvent.EventObjectNameChange.
2025-06-26 20:10:52,767 [ERROR] [Dummy-15] [root/event_service.py:32]: Failed to emit signal <bound PYQT_SIGNAL window_name_change of ActiveWindowWidget object at 0x000001E5E903FBB0>. Removing link to WinEvent.EventObjectStateChange.
2025-06-26 20:11:12,242 [INFO] [MainThread] [root/log.py:59]: YASB v1.7.6
2025-06-26 20:11:12,242 [INFO] [Thread-1 (_run_server)] [cli_server/cli_server.py:212]: CLI server started v1.1.2
2025-06-26 20:11:12,243 [INFO] [MainThread] [cli_server/cli_server.py:104]: Log pipe server started
2025-06-26 20:11:12,417 [ERROR] [MainThread] [root/weather.py:168]: API key or location is missing. Please provide a valid API key and location.
2025-06-26 20:11:12,420 [DEBUG] [MainThread] [comtypes/__init__.py:149]: CoInitializeEx(None, 2)
2025-06-26 20:11:13,160 [ERROR] [MainThread] [root/weather.py:168]: API key or location is missing. Please provide a valid API key and location.
2025-06-26 20:11:13,464 [INFO] [MainThread] [root/bar_manager.py:70]: Starting SystemEventListener...
2025-06-26 20:11:13,465 [INFO] [MainThread] [root/bar_manager.py:70]: Starting WindowsNotificationEventListener...
2025-06-26 20:11:13,465 [INFO] [MainThread] [root/bar_manager.py:70]: Starting KomorebiEventListener...
2025-06-26 20:11:13,466 [INFO] [MainThread] [root/watcher.py:54]: Created file watcher for path C:\Users\237\.config\yasb
2025-06-26 20:11:13,690 [INFO] [Dummy-5] [root/event_listener.py:51]: Created named pipe yasb-3c859156-52eb-11f0-8492-94e23cf377ed
2025-06-26 20:11:13,828 [DEBUG] [MainThread] [qasync._windows._EventPoller/_windows.py:213]: Starting (proactor: <_IocpProactor overlapped#=0 result#=0>)...
2025-06-26 20:11:13,831 [DEBUG] [Dummy-8] [qasync._windows._EventWorker/_windows.py:192]: Thread started
2025-06-26 20:11:13,937 [INFO] [Dummy-5] [root/event_listener.py:125]: Komorebi connected to named pipe: yasb-3c859156-52eb-11f0-8492-94e23cf377ed
2025-06-26 20:11:49,734 [INFO] [MainThread] [root/controller.py:14]: Reloading Application because of config change.
2025-06-26 20:11:49,835 [INFO] [MainThread] [cli_server/cli_server.py:112]: Log pipe server stopped
2025-06-26 20:11:49,835 [DEBUG] [MainThread] [cli_server/cli_server.py:206]: CLI server stopped
2025-06-26 20:11:49,908 [INFO] [MainThread] [root/bar_manager.py:61]: Successfully loaded updated config and re-initialised all bars.
2025-06-26 20:11:49,908 [DEBUG] [MainThread] [qasync._windows._EventPoller/_windows.py:218]: Stopping worker thread...
2025-06-26 20:11:49,930 [DEBUG] [Dummy-8] [qasync._windows._EventWorker/_windows.py:201]: Exiting thread
2025-06-26 20:11:49,932 [DEBUG] [MainThread] [qasync._windows._IocpProactor/_windows.py:75]: Closing
2025-06-26 20:11:50,206 [INFO] [MainThread] [root/log.py:59]: YASB v1.7.6
2025-06-26 20:11:50,207 [INFO] [Thread-1 (_run_server)] [cli_server/cli_server.py:212]: CLI server started v1.1.2
2025-06-26 20:11:50,207 [INFO] [MainThread] [cli_server/cli_server.py:104]: Log pipe server started
2025-06-26 20:11:50,377 [ERROR] [MainThread] [root/weather.py:168]: API key or location is missing. Please provide a valid API key and location.
2025-06-26 20:11:50,381 [DEBUG] [MainThread] [comtypes/__init__.py:149]: CoInitializeEx(None, 2)
2025-06-26 20:11:51,129 [ERROR] [MainThread] [root/weather.py:168]: API key or location is missing. Please provide a valid API key and location.
2025-06-26 20:11:51,406 [INFO] [MainThread] [root/bar_manager.py:70]: Starting WindowsNotificationEventListener...
2025-06-26 20:11:51,406 [INFO] [MainThread] [root/bar_manager.py:70]: Starting SystemEventListener...
2025-06-26 20:11:51,407 [INFO] [MainThread] [root/bar_manager.py:70]: Starting KomorebiEventListener...
2025-06-26 20:11:51,407 [INFO] [MainThread] [root/watcher.py:54]: Created file watcher for path C:\Users\237\.config\yasb
2025-06-26 20:11:51,644 [INFO] [Dummy-5] [root/event_listener.py:51]: Created named pipe yasb-5322e43d-52eb-11f0-a610-94e23cf377ed
2025-06-26 20:11:51,785 [DEBUG] [MainThread] [qasync._windows._EventPoller/_windows.py:213]: Starting (proactor: <_IocpProactor overlapped#=0 result#=0>)...
2025-06-26 20:11:51,787 [DEBUG] [Dummy-8] [qasync._windows._EventWorker/_windows.py:192]: Thread started
2025-06-26 20:11:51,896 [INFO] [Dummy-5] [root/event_listener.py:125]: Komorebi connected to named pipe: yasb-5322e43d-52eb-11f0-a610-94e23cf377ed
2025-06-26 20:12:41,312 [WARNING] [Dummy-5] [root/event_listener.py:82]: Pipe has been ended: (109, 'PeekNamedPipe', 'The pipe has been ended.')
2025-06-26 20:12:41,312 [INFO] [Dummy-5] [root/event_listener.py:92]: Attempting to reconnect to Komorebi...
2025-06-26 20:12:44,317 [INFO] [Dummy-5] [root/event_listener.py:51]: Created named pipe yasb-5322e43d-52eb-11f0-a610-94e23cf377ed
2025-06-26 20:20:36,857 [INFO] [MainThread] [root/controller.py:29]: Exiting Application from tray...
2025-06-26 20:20:36,960 [INFO] [MainThread] [cli_server/cli_server.py:112]: Log pipe server stopped
2025-06-26 20:20:36,960 [DEBUG] [MainThread] [cli_server/cli_server.py:206]: CLI server stopped
2025-06-26 20:20:36,960 [DEBUG] [MainThread] [qasync._windows._EventPoller/_windows.py:218]: Stopping worker thread...
2025-06-26 20:20:36,976 [DEBUG] [Dummy-8] [qasync._windows._EventWorker/_windows.py:201]: Exiting thread
2025-06-26 20:20:36,977 [DEBUG] [MainThread] [qasync._windows._IocpProactor/_windows.py:75]: Closing
2025-06-26 20:20:36,993 [ERROR] [Dummy-196] [root/event_service.py:32]: Failed to emit signal <bound PYQT_SIGNAL foreground_change of ActiveWindowWidget object at 0x000001B6D4E93570>. Removing link to WinEvent.EventSystemForeground.
